# JRE version: Java(TM) SE Runtime Environment (15.0.2+7) (build 15.0.2+7-27)
# Java VM: Java HotSpot(TM) 64-Bit Server VM (15.0.2+7-27, mixed mode, sharing, tiered, compressed oops, g1 gc, windows-amd64)
GC Precious Log:
 CPUs: 4 total, 4 available
 Memory: 8089M
 Large Page Support: Disabled
 NUMA Support: Disabled
 Compressed Oops: Enabled (32-bit)
 Heap Region Size: 1M
 Heap Min Capacity: 8M
 Heap Initial Capacity: 128M
 Heap Max Capacity: 2024M
 Pre-touch: Disabled
 Parallel Workers: 4
 Concurrent Workers: 1
 Concurrent Refinement Workers: 4
 Periodic GC: Disabled
Heap:
 garbage-first heap   total 131072K, used 12136K [0x0000000081800000, 0x0000000100000000)
  region size 1024K, 6 young (6144K), 3 survivors (3072K)
 Metaspace       used 10117K, capacity 10849K, committed 11136K, reserved 1058816K
  class space    used 1228K, capacity 1304K, committed 1408K, reserved 1048576K
GC Heap History (6 events):
Event: 4.049 GC heap before
{Heap before GC invocations=0 (full 0):
 garbage-first heap   total 131072K, used 13312K [0x0000000081800000, 0x0000000100000000)
  region size 1024K, 13 young (13312K), 0 survivors (0K)
 Metaspace       used 2542K, capacity 5219K, committed 5376K, reserved 1056768K
  class space    used 248K, capacity 500K, committed 512K, reserved 1048576K
}
Event: 4.359 GC heap after
{Heap after GC invocations=1 (full 0):
 garbage-first heap   total 131072K, used 7651K [0x0000000081800000, 0x0000000100000000)
  region size 1024K, 2 young (2048K), 2 survivors (2048K)
 Metaspace       used 2542K, capacity 5219K, committed 5376K, reserved 1056768K
  class space    used 248K, capacity 500K, committed 512K, reserved 1048576K
}
Event: 5.698 GC heap before
{Heap before GC invocations=1 (full 0):
 garbage-first heap   total 131072K, used 15843K [0x0000000081800000, 0x0000000100000000)
  region size 1024K, 10 young (10240K), 2 survivors (2048K)
 Metaspace       used 4389K, capacity 6610K, committed 6656K, reserved 1056768K
  class space    used 527K, capacity 746K, committed 768K, reserved 1048576K
}
Event: 5.702 GC heap after
{Heap after GC invocations=2 (full 0):
 garbage-first heap   total 131072K, used 8272K [0x0000000081800000, 0x0000000100000000)
  region size 1024K, 1 young (1024K), 1 survivors (1024K)
 Metaspace       used 4389K, capacity 6610K, committed 6656K, reserved 1056768K
  class space    used 527K, capacity 746K, committed 768K, reserved 1048576K
}
Event: 9.241 GC heap before
{Heap before GC invocations=2 (full 0):
 garbage-first heap   total 131072K, used 29776K [0x0000000081800000, 0x0000000100000000)
  region size 1024K, 23 young (23552K), 1 survivors (1024K)
 Metaspace       used 9763K, capacity 10561K, committed 10752K, reserved 1058816K
  class space    used 1184K, capacity 1272K, committed 1280K, reserved 1048576K
}
Event: 9.247 GC heap after
{Heap after GC invocations=3 (full 0):
 garbage-first heap   total 131072K, used 10088K [0x0000000081800000, 0x0000000100000000)
  region size 1024K, 3 young (3072K), 3 survivors (3072K)
 Metaspace       used 9763K, capacity 10561K, committed 10752K, reserved 1058816K
  class space    used 1184K, capacity 1272K, committed 1280K, reserved 1048576K
}

