# JRE version: Java(TM) SE Runtime Environment (15.0.2+7) (build 15.0.2+7-27)
# Java VM: Java HotSpot(TM) 64-Bit Server VM (15.0.2+7-27, mixed mode, sharing, tiered, compressed oops, g1 gc, windows-amd64)
GC Precious Log:
 CPUs: 4 total, 4 available
 Memory: 8089M
 Large Page Support: Disabled
 NUMA Support: Disabled
 Compressed Oops: Enabled (32-bit)
 Heap Region Size: 1M
 Heap Min Capacity: 8M
 Heap Initial Capacity: 128M
 Heap Max Capacity: 2024M
 Pre-touch: Disabled
 Parallel Workers: 4
 Concurrent Workers: 1
 Concurrent Refinement Workers: 4
 Periodic GC: Disabled
Heap:
 garbage-first heap   total 73728K, used 46721K [0x0000000081800000, 0x0000000100000000)
  region size 1024K, 15 young (15360K), 2 survivors (2048K)
 Metaspace       used 74346K, capacity 74979K, committed 75472K, reserved 1116160K
  class space    used 9162K, capacity 9364K, committed 9548K, reserved 1048576K
GC Heap History (20 events):
Event: 42700.535 GC heap before
{Heap before GC invocations=76 (full 0):
 garbage-first heap   total 73728K, used 62172K [0x0000000081800000, 0x0000000100000000)
  region size 1024K, 29 young (29696K), 2 survivors (2048K)
 Metaspace       used 74178K, capacity 74772K, committed 75216K, reserved 1116160K
  class space    used 9169K, capacity 9379K, committed 9548K, reserved 1048576K
}
Event: 42700.546 GC heap after
{Heap after GC invocations=77 (full 0):
 garbage-first heap   total 73728K, used 34564K [0x0000000081800000, 0x0000000100000000)
  region size 1024K, 2 young (2048K), 2 survivors (2048K)
 Metaspace       used 74178K, capacity 74772K, committed 75216K, reserved 1116160K
  class space    used 9169K, capacity 9379K, committed 9548K, reserved 1048576K
}
Event: 42831.875 GC heap before
{Heap before GC invocations=77 (full 0):
 garbage-first heap   total 73728K, used 62212K [0x0000000081800000, 0x0000000100000000)
  region size 1024K, 29 young (29696K), 2 survivors (2048K)
 Metaspace       used 74195K, capacity 74836K, committed 75216K, reserved 1116160K
  class space    used 9169K, capacity 9379K, committed 9548K, reserved 1048576K
}
Event: 42831.879 GC heap after
{Heap after GC invocations=78 (full 0):
 garbage-first heap   total 73728K, used 34403K [0x0000000081800000, 0x0000000100000000)
  region size 1024K, 2 young (2048K), 2 survivors (2048K)
 Metaspace       used 74195K, capacity 74836K, committed 75216K, reserved 1116160K
  class space    used 9169K, capacity 9379K, committed 9548K, reserved 1048576K
}
Event: 44536.392 GC heap before
{Heap before GC invocations=79 (full 0):
 garbage-first heap   total 73728K, used 62051K [0x0000000081800000, 0x0000000100000000)
  region size 1024K, 29 young (29696K), 2 survivors (2048K)
 Metaspace       used 74329K, capacity 74964K, committed 75472K, reserved 1116160K
  class space    used 9169K, capacity 9379K, committed 9548K, reserved 1048576K
}
Event: 44536.396 GC heap after
{Heap after GC invocations=80 (full 0):
 garbage-first heap   total 73728K, used 34398K [0x0000000081800000, 0x0000000100000000)
  region size 1024K, 2 young (2048K), 2 survivors (2048K)
 Metaspace       used 74329K, capacity 74964K, committed 75472K, reserved 1116160K
  class space    used 9169K, capacity 9379K, committed 9548K, reserved 1048576K
}
Event: 46304.419 GC heap before
{Heap before GC invocations=80 (full 0):
 garbage-first heap   total 73728K, used 62046K [0x0000000081800000, 0x0000000100000000)
  region size 1024K, 29 young (29696K), 2 survivors (2048K)
 Metaspace       used 74333K, capacity 74964K, committed 75472K, reserved 1116160K
  class space    used 9169K, capacity 9379K, committed 9548K, reserved 1048576K
}
Event: 46304.430 GC heap after
{Heap after GC invocations=81 (full 0):
 garbage-first heap   total 73728K, used 34391K [0x0000000081800000, 0x0000000100000000)
  region size 1024K, 2 young (2048K), 2 survivors (2048K)
 Metaspace       used 74333K, capacity 74964K, committed 75472K, reserved 1116160K
  class space    used 9169K, capacity 9379K, committed 9548K, reserved 1048576K
}
Event: 48031.529 GC heap before
{Heap before GC invocations=82 (full 0):
 garbage-first heap   total 73728K, used 62039K [0x0000000081800000, 0x0000000100000000)
  region size 1024K, 29 young (29696K), 2 survivors (2048K)
 Metaspace       used 74346K, capacity 74964K, committed 75472K, reserved 1116160K
  class space    used 9169K, capacity 9379K, committed 9548K, reserved 1048576K
}
Event: 48031.534 GC heap after
{Heap after GC invocations=83 (full 0):
 garbage-first heap   total 73728K, used 34542K [0x0000000081800000, 0x0000000100000000)
  region size 1024K, 2 young (2048K), 2 survivors (2048K)
 Metaspace       used 74346K, capacity 74964K, committed 75472K, reserved 1116160K
  class space    used 9169K, capacity 9379K, committed 9548K, reserved 1048576K
}
Event: 48177.505 GC heap before
{Heap before GC invocations=83 (full 0):
 garbage-first heap   total 73728K, used 62190K [0x0000000081800000, 0x0000000100000000)
  region size 1024K, 29 young (29696K), 2 survivors (2048K)
 Metaspace       used 74349K, capacity 74964K, committed 75472K, reserved 1116160K
  class space    used 9169K, capacity 9379K, committed 9548K, reserved 1048576K
}
Event: 48177.511 GC heap after
{Heap after GC invocations=84 (full 0):
 garbage-first heap   total 73728K, used 34598K [0x0000000081800000, 0x0000000100000000)
  region size 1024K, 2 young (2048K), 2 survivors (2048K)
 Metaspace       used 74349K, capacity 74964K, committed 75472K, reserved 1116160K
  class space    used 9169K, capacity 9379K, committed 9548K, reserved 1048576K
}
Event: 49871.299 GC heap before
{Heap before GC invocations=85 (full 0):
 garbage-first heap   total 73728K, used 62246K [0x0000000081800000, 0x0000000100000000)
  region size 1024K, 29 young (29696K), 2 survivors (2048K)
 Metaspace       used 74321K, capacity 74979K, committed 75472K, reserved 1116160K
  class space    used 9162K, capacity 9364K, committed 9548K, reserved 1048576K
}
Event: 49871.307 GC heap after
{Heap after GC invocations=86 (full 0):
 garbage-first heap   total 73728K, used 34560K [0x0000000081800000, 0x0000000100000000)
  region size 1024K, 2 young (2048K), 2 survivors (2048K)
 Metaspace       used 74321K, capacity 74979K, committed 75472K, reserved 1116160K
  class space    used 9162K, capacity 9364K, committed 9548K, reserved 1048576K
}
Event: 51614.441 GC heap before
{Heap before GC invocations=86 (full 0):
 garbage-first heap   total 73728K, used 62208K [0x0000000081800000, 0x0000000100000000)
  region size 1024K, 29 young (29696K), 2 survivors (2048K)
 Metaspace       used 74321K, capacity 74979K, committed 75472K, reserved 1116160K
  class space    used 9162K, capacity 9364K, committed 9548K, reserved 1048576K
}
Event: 51614.446 GC heap after
{Heap after GC invocations=87 (full 0):
 garbage-first heap   total 73728K, used 34465K [0x0000000081800000, 0x0000000100000000)
  region size 1024K, 2 young (2048K), 2 survivors (2048K)
 Metaspace       used 74321K, capacity 74979K, committed 75472K, reserved 1116160K
  class space    used 9162K, capacity 9364K, committed 9548K, reserved 1048576K
}
Event: 53348.144 GC heap before
{Heap before GC invocations=88 (full 0):
 garbage-first heap   total 73728K, used 62113K [0x0000000081800000, 0x0000000100000000)
  region size 1024K, 29 young (29696K), 2 survivors (2048K)
 Metaspace       used 74321K, capacity 74979K, committed 75472K, reserved 1116160K
  class space    used 9162K, capacity 9364K, committed 9548K, reserved 1048576K
}
Event: 53348.148 GC heap after
{Heap after GC invocations=89 (full 0):
 garbage-first heap   total 73728K, used 34474K [0x0000000081800000, 0x0000000100000000)
  region size 1024K, 2 young (2048K), 2 survivors (2048K)
 Metaspace       used 74321K, capacity 74979K, committed 75472K, reserved 1116160K
  class space    used 9162K, capacity 9364K, committed 9548K, reserved 1048576K
}
Event: 53447.630 GC heap before
{Heap before GC invocations=89 (full 0):
 garbage-first heap   total 73728K, used 62122K [0x0000000081800000, 0x0000000100000000)
  region size 1024K, 29 young (29696K), 2 survivors (2048K)
 Metaspace       used 74323K, capacity 74979K, committed 75472K, reserved 1116160K
  class space    used 9162K, capacity 9364K, committed 9548K, reserved 1048576K
}
Event: 53447.635 GC heap after
{Heap after GC invocations=90 (full 0):
 garbage-first heap   total 73728K, used 34433K [0x0000000081800000, 0x0000000100000000)
  region size 1024K, 2 young (2048K), 2 survivors (2048K)
 Metaspace       used 74323K, capacity 74979K, committed 75472K, reserved 1116160K
  class space    used 9162K, capacity 9364K, committed 9548K, reserved 1048576K
}

