# JRE version: Java(TM) SE Runtime Environment (15.0.2+7) (build 15.0.2+7-27)
# Java VM: Java HotSpot(TM) 64-Bit Server VM (15.0.2+7-27, mixed mode, sharing, tiered, compressed oops, g1 gc, windows-amd64)
GC Precious Log:
 CPUs: 4 total, 4 available
 Memory: 8089M
 Large Page Support: Disabled
 NUMA Support: Disabled
 Compressed Oops: Enabled (32-bit)
 Heap Region Size: 1M
 Heap Min Capacity: 8M
 Heap Initial Capacity: 128M
 Heap Max Capacity: 2024M
 Pre-touch: Disabled
 Parallel Workers: 4
 Concurrent Workers: 1
 Concurrent Refinement Workers: 4
 Periodic GC: Disabled
Heap:
 garbage-first heap   total 80896K, used 51907K [0x0000000081800000, 0x0000000100000000)
  region size 1024K, 15 young (15360K), 2 survivors (2048K)
 Metaspace       used 72792K, capacity 73523K, committed 73676K, reserved 1114112K
  class space    used 9158K, capacity 9421K, committed 9472K, reserved 1048576K
GC Heap History (20 events):
Event: 11.848 GC heap before
{Heap before GC invocations=19 (full 0):
 garbage-first heap   total 61440K, used 49413K [0x0000000081800000, 0x0000000100000000)
  region size 1024K, 26 young (26624K), 4 survivors (4096K)
 Metaspace       used 53818K, capacity 54392K, committed 54732K, reserved 1097728K
  class space    used 6861K, capacity 7059K, committed 7168K, reserved 1048576K
}
Event: 11.854 GC heap after
{Heap after GC invocations=20 (full 0):
 garbage-first heap   total 61440K, used 27294K [0x0000000081800000, 0x0000000100000000)
  region size 1024K, 2 young (2048K), 2 survivors (2048K)
 Metaspace       used 53818K, capacity 54392K, committed 54732K, reserved 1097728K
  class space    used 6861K, capacity 7059K, committed 7168K, reserved 1048576K
}
Event: 17.176 GC heap before
{Heap before GC invocations=20 (full 0):
 garbage-first heap   total 61440K, used 48798K [0x0000000081800000, 0x0000000100000000)
  region size 1024K, 24 young (24576K), 2 survivors (2048K)
 Metaspace       used 57725K, capacity 58241K, committed 58444K, reserved 1099776K
  class space    used 7324K, capacity 7510K, committed 7552K, reserved 1048576K
}
Event: 17.181 GC heap after
{Heap after GC invocations=21 (full 0):
 garbage-first heap   total 73728K, used 28565K [0x0000000081800000, 0x0000000100000000)
  region size 1024K, 3 young (3072K), 3 survivors (3072K)
 Metaspace       used 57725K, capacity 58241K, committed 58444K, reserved 1099776K
  class space    used 7324K, capacity 7510K, committed 7552K, reserved 1048576K
}
Event: 17.608 GC heap before
{Heap before GC invocations=21 (full 0):
 garbage-first heap   total 73728K, used 44949K [0x0000000081800000, 0x0000000100000000)
  region size 1024K, 20 young (20480K), 3 survivors (3072K)
 Metaspace       used 59729K, capacity 60217K, committed 60236K, reserved 1101824K
  class space    used 7596K, capacity 7804K, committed 7808K, reserved 1048576K
}
Event: 17.614 GC heap after
{Heap after GC invocations=22 (full 0):
 garbage-first heap   total 73728K, used 29652K [0x0000000081800000, 0x0000000100000000)
  region size 1024K, 3 young (3072K), 3 survivors (3072K)
 Metaspace       used 59729K, capacity 60217K, committed 60236K, reserved 1101824K
  class space    used 7596K, capacity 7804K, committed 7808K, reserved 1048576K
}
Event: 18.218 GC heap before
{Heap before GC invocations=23 (full 0):
 garbage-first heap   total 73728K, used 59348K [0x0000000081800000, 0x0000000100000000)
  region size 1024K, 32 young (32768K), 3 survivors (3072K)
 Metaspace       used 61691K, capacity 62276K, committed 62540K, reserved 1103872K
  class space    used 7837K, capacity 8012K, committed 8064K, reserved 1048576K
}
Event: 18.227 GC heap after
{Heap after GC invocations=24 (full 0):
 garbage-first heap   total 73728K, used 31045K [0x0000000081800000, 0x0000000100000000)
  region size 1024K, 3 young (3072K), 3 survivors (3072K)
 Metaspace       used 61691K, capacity 62276K, committed 62540K, reserved 1103872K
  class space    used 7837K, capacity 8012K, committed 8064K, reserved 1048576K
}
Event: 18.985 GC heap before
{Heap before GC invocations=25 (full 0):
 garbage-first heap   total 73728K, used 58693K [0x0000000081800000, 0x0000000100000000)
  region size 1024K, 30 young (30720K), 3 survivors (3072K)
 Metaspace       used 63396K, capacity 64023K, committed 64332K, reserved 1105920K
  class space    used 8028K, capacity 8250K, committed 8320K, reserved 1048576K
}
Event: 18.994 GC heap after
{Heap after GC invocations=26 (full 0):
 garbage-first heap   total 73728K, used 32820K [0x0000000081800000, 0x0000000100000000)
  region size 1024K, 4 young (4096K), 4 survivors (4096K)
 Metaspace       used 63396K, capacity 64023K, committed 64332K, reserved 1105920K
  class space    used 8028K, capacity 8250K, committed 8320K, reserved 1048576K
}
Event: 19.221 GC heap before
{Heap before GC invocations=26 (full 0):
 garbage-first heap   total 73728K, used 58420K [0x0000000081800000, 0x0000000100000000)
  region size 1024K, 29 young (29696K), 4 survivors (4096K)
 Metaspace       used 63626K, capacity 64224K, committed 64332K, reserved 1105920K
  class space    used 8036K, capacity 8252K, committed 8320K, reserved 1048576K
}
Event: 19.228 GC heap after
{Heap after GC invocations=27 (full 0):
 garbage-first heap   total 73728K, used 33475K [0x0000000081800000, 0x0000000100000000)
  region size 1024K, 3 young (3072K), 3 survivors (3072K)
 Metaspace       used 63626K, capacity 64224K, committed 64332K, reserved 1105920K
  class space    used 8036K, capacity 8252K, committed 8320K, reserved 1048576K
}
Event: 20.357 GC heap before
{Heap before GC invocations=27 (full 0):
 garbage-first heap   total 73728K, used 60099K [0x0000000081800000, 0x0000000100000000)
  region size 1024K, 29 young (29696K), 3 survivors (3072K)
 Metaspace       used 66412K, capacity 67107K, committed 67276K, reserved 1107968K
  class space    used 8384K, capacity 8612K, committed 8704K, reserved 1048576K
}
Event: 20.364 GC heap after
{Heap after GC invocations=28 (full 0):
 garbage-first heap   total 73728K, used 35287K [0x0000000081800000, 0x0000000100000000)
  region size 1024K, 3 young (3072K), 3 survivors (3072K)
 Metaspace       used 66412K, capacity 67107K, committed 67276K, reserved 1107968K
  class space    used 8384K, capacity 8612K, committed 8704K, reserved 1048576K
}
Event: 21.239 GC heap before
{Heap before GC invocations=28 (full 0):
 garbage-first heap   total 73728K, used 58839K [0x0000000081800000, 0x0000000100000000)
  region size 1024K, 27 young (27648K), 3 survivors (3072K)
 Metaspace       used 68681K, capacity 69445K, committed 69708K, reserved 1110016K
  class space    used 8717K, capacity 8982K, committed 9088K, reserved 1048576K
}
Event: 21.248 GC heap after
{Heap after GC invocations=29 (full 0):
 garbage-first heap   total 73728K, used 37665K [0x0000000081800000, 0x0000000100000000)
  region size 1024K, 4 young (4096K), 4 survivors (4096K)
 Metaspace       used 68681K, capacity 69445K, committed 69708K, reserved 1110016K
  class space    used 8717K, capacity 8982K, committed 9088K, reserved 1048576K
}
Event: 21.807 GC heap before
{Heap before GC invocations=30 (full 0):
 garbage-first heap   total 80896K, used 59169K [0x0000000081800000, 0x0000000100000000)
  region size 1024K, 25 young (25600K), 4 survivors (4096K)
 Metaspace       used 69470K, capacity 70231K, committed 70476K, reserved 1110016K
  class space    used 8805K, capacity 9053K, committed 9088K, reserved 1048576K
}
Event: 21.816 GC heap after
{Heap after GC invocations=31 (full 0):
 garbage-first heap   total 80896K, used 39090K [0x0000000081800000, 0x0000000100000000)
  region size 1024K, 2 young (2048K), 2 survivors (2048K)
 Metaspace       used 69470K, capacity 70231K, committed 70476K, reserved 1110016K
  class space    used 8805K, capacity 9053K, committed 9088K, reserved 1048576K
}
Event: 72.997 GC heap before
{Heap before GC invocations=31 (full 0):
 garbage-first heap   total 80896K, used 65714K [0x0000000081800000, 0x0000000100000000)
  region size 1024K, 28 young (28672K), 2 survivors (2048K)
 Metaspace       used 72295K, capacity 73027K, committed 73164K, reserved 1114112K
  class space    used 9133K, capacity 9408K, committed 9472K, reserved 1048576K
}
Event: 73.002 GC heap after
{Heap after GC invocations=32 (full 0):
 garbage-first heap   total 80896K, used 39619K [0x0000000081800000, 0x0000000100000000)
  region size 1024K, 2 young (2048K), 2 survivors (2048K)
 Metaspace       used 72295K, capacity 73027K, committed 73164K, reserved 1114112K
  class space    used 9133K, capacity 9408K, committed 9472K, reserved 1048576K
}

