# JRE version: Java(TM) SE Runtime Environment (15.0.2+7) (build 15.0.2+7-27)
# Java VM: Java HotSpot(TM) 64-Bit Server VM (15.0.2+7-27, mixed mode, sharing, tiered, compressed oops, g1 gc, windows-amd64)
GC Precious Log:
 CPUs: 4 total, 4 available
 Memory: 8089M
 Large Page Support: Disabled
 NUMA Support: Disabled
 Compressed Oops: Enabled (32-bit)
 Heap Region Size: 1M
 Heap Min Capacity: 8M
 Heap Initial Capacity: 128M
 Heap Max Capacity: 2024M
 Pre-touch: Disabled
 Parallel Workers: 4
 Concurrent Workers: 1
 Concurrent Refinement Workers: 4
 Periodic GC: Disabled
Heap:
 garbage-first heap   total 58368K, used 42084K [0x0000000081800000, 0x0000000100000000)
  region size 1024K, 18 young (18432K), 2 survivors (2048K)
 Metaspace       used 48936K, capacity 49406K, committed 49536K, reserved 1091584K
  class space    used 6322K, capacity 6494K, committed 6528K, reserved 1048576K
GC Heap History (20 events):
Event: 8.724 GC heap before
{Heap before GC invocations=7 (full 0):
 garbage-first heap   total 48128K, used 32937K [0x0000000081800000, 0x0000000100000000)
  region size 1024K, 19 young (19456K), 1 survivors (1024K)
 Metaspace       used 23267K, capacity 23544K, committed 23680K, reserved 1069056K
  class space    used 3010K, capacity 3100K, committed 3200K, reserved 1048576K
}
Event: 8.725 GC heap after
{Heap after GC invocations=8 (full 0):
 garbage-first heap   total 48128K, used 15190K [0x0000000081800000, 0x0000000100000000)
  region size 1024K, 1 young (1024K), 1 survivors (1024K)
 Metaspace       used 23267K, capacity 23544K, committed 23680K, reserved 1069056K
  class space    used 3010K, capacity 3100K, committed 3200K, reserved 1048576K
}
Event: 9.863 GC heap before
{Heap before GC invocations=8 (full 0):
 garbage-first heap   total 48128K, used 35670K [0x0000000081800000, 0x0000000100000000)
  region size 1024K, 21 young (21504K), 1 survivors (1024K)
 Metaspace       used 24953K, capacity 25264K, committed 25344K, reserved 1071104K
  class space    used 3197K, capacity 3281K, committed 3328K, reserved 1048576K
}
Event: 9.867 GC heap after
{Heap after GC invocations=9 (full 0):
 garbage-first heap   total 48128K, used 16395K [0x0000000081800000, 0x0000000100000000)
  region size 1024K, 2 young (2048K), 2 survivors (2048K)
 Metaspace       used 24953K, capacity 25264K, committed 25344K, reserved 1071104K
  class space    used 3197K, capacity 3281K, committed 3328K, reserved 1048576K
}
Event: 12.195 GC heap before
{Heap before GC invocations=9 (full 0):
 garbage-first heap   total 48128K, used 35851K [0x0000000081800000, 0x0000000100000000)
  region size 1024K, 21 young (21504K), 2 survivors (2048K)
 Metaspace       used 27295K, capacity 27635K, committed 27776K, reserved 1073152K
  class space    used 3504K, capacity 3619K, committed 3712K, reserved 1048576K
}
Event: 12.204 GC heap after
{Heap after GC invocations=10 (full 0):
 garbage-first heap   total 48128K, used 17612K [0x0000000081800000, 0x0000000100000000)
  region size 1024K, 3 young (3072K), 3 survivors (3072K)
 Metaspace       used 27295K, capacity 27635K, committed 27776K, reserved 1073152K
  class space    used 3504K, capacity 3619K, committed 3712K, reserved 1048576K
}
Event: 14.267 GC heap before
{Heap before GC invocations=10 (full 0):
 garbage-first heap   total 48128K, used 37068K [0x0000000081800000, 0x0000000100000000)
  region size 1024K, 22 young (22528K), 3 survivors (3072K)
 Metaspace       used 29477K, capacity 29871K, committed 30080K, reserved 1075200K
  class space    used 3780K, capacity 3912K, committed 3968K, reserved 1048576K
}
Event: 14.280 GC heap after
{Heap after GC invocations=11 (full 0):
 garbage-first heap   total 48128K, used 19259K [0x0000000081800000, 0x0000000100000000)
  region size 1024K, 3 young (3072K), 3 survivors (3072K)
 Metaspace       used 29477K, capacity 29871K, committed 30080K, reserved 1075200K
  class space    used 3780K, capacity 3912K, committed 3968K, reserved 1048576K
}
Event: 15.153 GC heap before
{Heap before GC invocations=11 (full 0):
 garbage-first heap   total 48128K, used 37691K [0x0000000081800000, 0x0000000100000000)
  region size 1024K, 21 young (21504K), 3 survivors (3072K)
 Metaspace       used 31434K, capacity 31853K, committed 32128K, reserved 1077248K
  class space    used 4032K, capacity 4182K, committed 4224K, reserved 1048576K
}
Event: 15.168 GC heap after
{Heap after GC invocations=12 (full 0):
 garbage-first heap   total 48128K, used 20849K [0x0000000081800000, 0x0000000100000000)
  region size 1024K, 3 young (3072K), 3 survivors (3072K)
 Metaspace       used 31434K, capacity 31853K, committed 32128K, reserved 1077248K
  class space    used 4032K, capacity 4182K, committed 4224K, reserved 1048576K
}
Event: 16.006 GC heap before
{Heap before GC invocations=12 (full 0):
 garbage-first heap   total 48128K, used 37233K [0x0000000081800000, 0x0000000100000000)
  region size 1024K, 19 young (19456K), 3 survivors (3072K)
 Metaspace       used 34141K, capacity 34592K, committed 34816K, reserved 1079296K
  class space    used 4403K, capacity 4540K, committed 4608K, reserved 1048576K
}
Event: 16.019 GC heap after
{Heap after GC invocations=13 (full 0):
 garbage-first heap   total 58368K, used 22170K [0x0000000081800000, 0x0000000100000000)
  region size 1024K, 2 young (2048K), 2 survivors (2048K)
 Metaspace       used 34141K, capacity 34592K, committed 34816K, reserved 1079296K
  class space    used 4403K, capacity 4540K, committed 4608K, reserved 1048576K
}
Event: 17.076 GC heap before
{Heap before GC invocations=13 (full 0):
 garbage-first heap   total 58368K, used 27290K [0x0000000081800000, 0x0000000100000000)
  region size 1024K, 8 young (8192K), 2 survivors (2048K)
 Metaspace       used 35291K, capacity 35730K, committed 35840K, reserved 1081344K
  class space    used 4594K, capacity 4769K, committed 4864K, reserved 1048576K
}
Event: 17.082 GC heap after
{Heap after GC invocations=14 (full 0):
 garbage-first heap   total 58368K, used 22016K [0x0000000081800000, 0x0000000100000000)
  region size 1024K, 2 young (2048K), 2 survivors (2048K)
 Metaspace       used 35291K, capacity 35730K, committed 35840K, reserved 1081344K
  class space    used 4594K, capacity 4769K, committed 4864K, reserved 1048576K
}
Event: 19.559 GC heap before
{Heap before GC invocations=15 (full 0):
 garbage-first heap   total 58368K, used 45568K [0x0000000081800000, 0x0000000100000000)
  region size 1024K, 25 young (25600K), 2 survivors (2048K)
 Metaspace       used 43514K, capacity 43963K, committed 44288K, reserved 1087488K
  class space    used 5651K, capacity 5804K, committed 5888K, reserved 1048576K
}
Event: 19.570 GC heap after
{Heap after GC invocations=16 (full 0):
 garbage-first heap   total 58368K, used 24951K [0x0000000081800000, 0x0000000100000000)
  region size 1024K, 4 young (4096K), 4 survivors (4096K)
 Metaspace       used 43514K, capacity 43963K, committed 44288K, reserved 1087488K
  class space    used 5651K, capacity 5804K, committed 5888K, reserved 1048576K
}
Event: 20.475 GC heap before
{Heap before GC invocations=16 (full 0):
 garbage-first heap   total 58368K, used 45431K [0x0000000081800000, 0x0000000100000000)
  region size 1024K, 24 young (24576K), 4 survivors (4096K)
 Metaspace       used 45725K, capacity 46105K, committed 46336K, reserved 1089536K
  class space    used 5919K, capacity 6066K, committed 6144K, reserved 1048576K
}
Event: 20.488 GC heap after
{Heap after GC invocations=17 (full 0):
 garbage-first heap   total 58368K, used 25841K [0x0000000081800000, 0x0000000100000000)
  region size 1024K, 1 young (1024K), 1 survivors (1024K)
 Metaspace       used 45725K, capacity 46105K, committed 46336K, reserved 1089536K
  class space    used 5919K, capacity 6066K, committed 6144K, reserved 1048576K
}
Event: 22.082 GC heap before
{Heap before GC invocations=17 (full 0):
 garbage-first heap   total 58368K, used 46321K [0x0000000081800000, 0x0000000100000000)
  region size 1024K, 21 young (21504K), 1 survivors (1024K)
 Metaspace       used 46863K, capacity 47279K, committed 47488K, reserved 1091584K
  class space    used 6066K, capacity 6235K, committed 6272K, reserved 1048576K
}
Event: 22.089 GC heap after
{Heap after GC invocations=18 (full 0):
 garbage-first heap   total 58368K, used 26724K [0x0000000081800000, 0x0000000100000000)
  region size 1024K, 2 young (2048K), 2 survivors (2048K)
 Metaspace       used 46863K, capacity 47279K, committed 47488K, reserved 1091584K
  class space    used 6066K, capacity 6235K, committed 6272K, reserved 1048576K
}

