# JRE version: Java(TM) SE Runtime Environment (15.0.2+7) (build 15.0.2+7-27)
# Java VM: Java HotSpot(TM) 64-Bit Server VM (15.0.2+7-27, mixed mode, sharing, tiered, compressed oops, g1 gc, windows-amd64)
GC Precious Log:
 CPUs: 4 total, 4 available
 Memory: 8089M
 Large Page Support: Disabled
 NUMA Support: Disabled
 Compressed Oops: Enabled (32-bit)
 Heap Region Size: 1M
 Heap Min Capacity: 8M
 Heap Initial Capacity: 128M
 Heap Max Capacity: 2024M
 Pre-touch: Disabled
 Parallel Workers: 4
 Concurrent Workers: 1
 Concurrent Refinement Workers: 4
 Periodic GC: Disabled
Heap:
 garbage-first heap   total 107520K, used 67809K [0x0000000081800000, 0x0000000100000000)
  region size 1024K, 15 young (15360K), 3 survivors (3072K)
 Metaspace       used 82161K, capacity 83042K, committed 83356K, reserved 1122304K
  class space    used 9771K, capacity 10067K, committed 10188K, reserved 1048576K
GC Heap History (20 events):
Event: 62419.979 GC heap before
{Heap before GC invocations=671 (full 0):
 garbage-first heap   total 107520K, used 91443K [0x0000000081800000, 0x0000000100000000)
  region size 1024K, 44 young (45056K), 2 survivors (2048K)
 Metaspace       used 81940K, capacity 82779K, committed 83100K, reserved 1122304K
  class space    used 9770K, capacity 10065K, committed 10188K, reserved 1048576K
}
Event: 62419.983 GC heap after
{Heap after GC invocations=672 (full 0):
 garbage-first heap   total 107520K, used 48878K [0x0000000081800000, 0x0000000100000000)
  region size 1024K, 3 young (3072K), 3 survivors (3072K)
 Metaspace       used 81940K, capacity 82779K, committed 83100K, reserved 1122304K
  class space    used 9770K, capacity 10065K, committed 10188K, reserved 1048576K
}
Event: 62465.115 GC heap before
{Heap before GC invocations=672 (full 0):
 garbage-first heap   total 107520K, used 90862K [0x0000000081800000, 0x0000000100000000)
  region size 1024K, 44 young (45056K), 3 survivors (3072K)
 Metaspace       used 81953K, capacity 82843K, committed 83100K, reserved 1122304K
  class space    used 9770K, capacity 10065K, committed 10188K, reserved 1048576K
}
Event: 62465.121 GC heap after
{Heap after GC invocations=673 (full 0):
 garbage-first heap   total 107520K, used 49696K [0x0000000081800000, 0x0000000100000000)
  region size 1024K, 4 young (4096K), 4 survivors (4096K)
 Metaspace       used 81953K, capacity 82843K, committed 83100K, reserved 1122304K
  class space    used 9770K, capacity 10065K, committed 10188K, reserved 1048576K
}
Event: 62466.718 GC heap before
{Heap before GC invocations=674 (full 0):
 garbage-first heap   total 107520K, used 78368K [0x0000000081800000, 0x0000000100000000)
  region size 1024K, 33 young (33792K), 4 survivors (4096K)
 Metaspace       used 81953K, capacity 82843K, committed 83100K, reserved 1122304K
  class space    used 9770K, capacity 10065K, committed 10188K, reserved 1048576K
}
Event: 62466.724 GC heap after
{Heap after GC invocations=675 (full 0):
 garbage-first heap   total 107520K, used 51645K [0x0000000081800000, 0x0000000100000000)
  region size 1024K, 5 young (5120K), 5 survivors (5120K)
 Metaspace       used 81953K, capacity 82843K, committed 83100K, reserved 1122304K
  class space    used 9770K, capacity 10065K, committed 10188K, reserved 1048576K
}
Event: 62555.591 GC heap before
{Heap before GC invocations=676 (full 0):
 garbage-first heap   total 107520K, used 93629K [0x0000000081800000, 0x0000000100000000)
  region size 1024K, 43 young (44032K), 5 survivors (5120K)
 Metaspace       used 81994K, capacity 82844K, committed 83100K, reserved 1122304K
  class space    used 9770K, capacity 10065K, committed 10188K, reserved 1048576K
}
Event: 62555.608 GC heap after
{Heap after GC invocations=677 (full 0):
 garbage-first heap   total 107520K, used 49121K [0x0000000081800000, 0x0000000100000000)
  region size 1024K, 1 young (1024K), 1 survivors (1024K)
 Metaspace       used 81994K, capacity 82844K, committed 83100K, reserved 1122304K
  class space    used 9770K, capacity 10065K, committed 10188K, reserved 1048576K
}
Event: 62589.804 GC heap before
{Heap before GC invocations=677 (full 0):
 garbage-first heap   total 107520K, used 91105K [0x0000000081800000, 0x0000000100000000)
  region size 1024K, 42 young (43008K), 1 survivors (1024K)
 Metaspace       used 82000K, capacity 82844K, committed 83100K, reserved 1122304K
  class space    used 9770K, capacity 10065K, committed 10188K, reserved 1048576K
}
Event: 62589.807 GC heap after
{Heap after GC invocations=678 (full 0):
 garbage-first heap   total 107520K, used 49855K [0x0000000081800000, 0x0000000100000000)
  region size 1024K, 2 young (2048K), 2 survivors (2048K)
 Metaspace       used 82000K, capacity 82844K, committed 83100K, reserved 1122304K
  class space    used 9770K, capacity 10065K, committed 10188K, reserved 1048576K
}
Event: 62591.513 GC heap before
{Heap before GC invocations=679 (full 0):
 garbage-first heap   total 107520K, used 72206K [0x0000000081800000, 0x0000000100000000)
  region size 1024K, 25 young (25600K), 2 survivors (2048K)
 Metaspace       used 82001K, capacity 82844K, committed 83100K, reserved 1122304K
  class space    used 9770K, capacity 10065K, committed 10188K, reserved 1048576K
}
Event: 62591.518 GC heap after
{Heap after GC invocations=680 (full 0):
 garbage-first heap   total 107520K, used 51265K [0x0000000081800000, 0x0000000100000000)
  region size 1024K, 4 young (4096K), 4 survivors (4096K)
 Metaspace       used 82001K, capacity 82844K, committed 83100K, reserved 1122304K
  class space    used 9770K, capacity 10065K, committed 10188K, reserved 1048576K
}
Event: 62598.152 GC heap before
{Heap before GC invocations=681 (full 0):
 garbage-first heap   total 107520K, used 93249K [0x0000000081800000, 0x0000000100000000)
  region size 1024K, 43 young (44032K), 4 survivors (4096K)
 Metaspace       used 82095K, capacity 82914K, committed 83100K, reserved 1122304K
  class space    used 9771K, capacity 10067K, committed 10188K, reserved 1048576K
}
Event: 62598.155 GC heap after
{Heap after GC invocations=682 (full 0):
 garbage-first heap   total 107520K, used 49630K [0x0000000081800000, 0x0000000100000000)
  region size 1024K, 2 young (2048K), 2 survivors (2048K)
 Metaspace       used 82095K, capacity 82914K, committed 83100K, reserved 1122304K
  class space    used 9771K, capacity 10067K, committed 10188K, reserved 1048576K
}
Event: 62598.516 GC heap before
{Heap before GC invocations=682 (full 0):
 garbage-first heap   total 107520K, used 54750K [0x0000000081800000, 0x0000000100000000)
  region size 1024K, 8 young (8192K), 2 survivors (2048K)
 Metaspace       used 82095K, capacity 82914K, committed 83100K, reserved 1122304K
  class space    used 9771K, capacity 10067K, committed 10188K, reserved 1048576K
}
Event: 62598.519 GC heap after
{Heap after GC invocations=683 (full 0):
 garbage-first heap   total 107520K, used 50410K [0x0000000081800000, 0x0000000100000000)
  region size 1024K, 3 young (3072K), 3 survivors (3072K)
 Metaspace       used 82095K, capacity 82914K, committed 83100K, reserved 1122304K
  class space    used 9771K, capacity 10067K, committed 10188K, reserved 1048576K
}
Event: 62636.604 GC heap before
{Heap before GC invocations=684 (full 0):
 garbage-first heap   total 107520K, used 94442K [0x0000000081800000, 0x0000000100000000)
  region size 1024K, 41 young (41984K), 3 survivors (3072K)
 Metaspace       used 82127K, capacity 83042K, committed 83356K, reserved 1122304K
  class space    used 9771K, capacity 10067K, committed 10188K, reserved 1048576K
}
Event: 62636.607 GC heap after
{Heap after GC invocations=685 (full 0):
 garbage-first heap   total 107520K, used 49863K [0x0000000081800000, 0x0000000100000000)
  region size 1024K, 2 young (2048K), 2 survivors (2048K)
 Metaspace       used 82127K, capacity 83042K, committed 83356K, reserved 1122304K
  class space    used 9771K, capacity 10067K, committed 10188K, reserved 1048576K
}
Event: 62636.940 GC heap before
{Heap before GC invocations=685 (full 0):
 garbage-first heap   total 107520K, used 52935K [0x0000000081800000, 0x0000000100000000)
  region size 1024K, 7 young (7168K), 2 survivors (2048K)
 Metaspace       used 82127K, capacity 83042K, committed 83356K, reserved 1122304K
  class space    used 9771K, capacity 10067K, committed 10188K, reserved 1048576K
}
Event: 62636.943 GC heap after
{Heap after GC invocations=686 (full 0):
 garbage-first heap   total 107520K, used 50401K [0x0000000081800000, 0x0000000100000000)
  region size 1024K, 3 young (3072K), 3 survivors (3072K)
 Metaspace       used 82127K, capacity 83042K, committed 83356K, reserved 1122304K
  class space    used 9771K, capacity 10067K, committed 10188K, reserved 1048576K
}

