# JRE version: Java(TM) SE Runtime Environment (15.0.2+7) (build 15.0.2+7-27)
# Java VM: Java HotSpot(TM) 64-Bit Server VM (15.0.2+7-27, mixed mode, sharing, tiered, compressed oops, g1 gc, windows-amd64)
GC Precious Log:
 CPUs: 4 total, 4 available
 Memory: 8089M
 Large Page Support: Disabled
 NUMA Support: Disabled
 Compressed Oops: Enabled (32-bit)
 Heap Region Size: 1M
 Heap Min Capacity: 8M
 Heap Initial Capacity: 128M
 Heap Max Capacity: 2024M
 Pre-touch: Disabled
 Parallel Workers: 4
 Concurrent Workers: 1
 Concurrent Refinement Workers: 4
 Periodic GC: Disabled
Heap:
 garbage-first heap   total 89088K, used 61055K [0x0000000081800000, 0x0000000100000000)
  region size 1024K, 25 young (25600K), 3 survivors (3072K)
 Metaspace       used 76194K, capacity 76858K, committed 76976K, reserved 1116160K
  class space    used 9462K, capacity 9673K, committed 9728K, reserved 1048576K
GC Heap History (20 events):
Event: 11.139 GC heap before
{Heap before GC invocations=14 (full 0):
 garbage-first heap   total 73728K, used 57719K [0x0000000081800000, 0x0000000100000000)
  region size 1024K, 38 young (38912K), 5 survivors (5120K)
 Metaspace       used 47580K, capacity 48037K, committed 48176K, reserved 1091584K
  class space    used 6035K, capacity 6193K, committed 6272K, reserved 1048576K
}
Event: 11.153 GC heap after
{Heap after GC invocations=15 (full 0):
 garbage-first heap   total 73728K, used 25675K [0x0000000081800000, 0x0000000100000000)
  region size 1024K, 2 young (2048K), 2 survivors (2048K)
 Metaspace       used 47580K, capacity 48037K, committed 48176K, reserved 1091584K
  class space    used 6035K, capacity 6193K, committed 6272K, reserved 1048576K
}
Event: 12.046 GC heap before
{Heap before GC invocations=15 (full 0):
 garbage-first heap   total 73728K, used 57419K [0x0000000081800000, 0x0000000100000000)
  region size 1024K, 33 young (33792K), 2 survivors (2048K)
 Metaspace       used 52803K, capacity 53273K, committed 53552K, reserved 1095680K
  class space    used 6770K, capacity 6950K, committed 7040K, reserved 1048576K
}
Event: 12.056 GC heap after
{Heap after GC invocations=16 (full 0):
 garbage-first heap   total 73728K, used 26699K [0x0000000081800000, 0x0000000100000000)
  region size 1024K, 3 young (3072K), 3 survivors (3072K)
 Metaspace       used 52803K, capacity 53273K, committed 53552K, reserved 1095680K
  class space    used 6770K, capacity 6950K, committed 7040K, reserved 1048576K
}
Event: 16.692 GC heap before
{Heap before GC invocations=16 (full 0):
 garbage-first heap   total 73728K, used 57419K [0x0000000081800000, 0x0000000100000000)
  region size 1024K, 34 young (34816K), 3 survivors (3072K)
 Metaspace       used 57523K, capacity 58007K, committed 58160K, reserved 1099776K
  class space    used 7318K, capacity 7501K, committed 7552K, reserved 1048576K
}
Event: 16.703 GC heap after
{Heap after GC invocations=17 (full 0):
 garbage-first heap   total 89088K, used 28140K [0x0000000081800000, 0x0000000100000000)
  region size 1024K, 3 young (3072K), 3 survivors (3072K)
 Metaspace       used 57523K, capacity 58007K, committed 58160K, reserved 1099776K
  class space    used 7318K, capacity 7501K, committed 7552K, reserved 1048576K
}
Event: 17.251 GC heap before
{Heap before GC invocations=17 (full 0):
 garbage-first heap   total 89088K, used 44524K [0x0000000081800000, 0x0000000100000000)
  region size 1024K, 20 young (20480K), 3 survivors (3072K)
 Metaspace       used 59721K, capacity 60196K, committed 60208K, reserved 1101824K
  class space    used 7605K, capacity 7800K, committed 7808K, reserved 1048576K
}
Event: 17.262 GC heap after
{Heap after GC invocations=18 (full 0):
 garbage-first heap   total 89088K, used 29184K [0x0000000081800000, 0x0000000100000000)
  region size 1024K, 4 young (4096K), 4 survivors (4096K)
 Metaspace       used 59721K, capacity 60196K, committed 60208K, reserved 1101824K
  class space    used 7605K, capacity 7800K, committed 7808K, reserved 1048576K
}
Event: 18.637 GC heap before
{Heap before GC invocations=19 (full 0):
 garbage-first heap   total 89088K, used 71168K [0x0000000081800000, 0x0000000100000000)
  region size 1024K, 45 young (46080K), 4 survivors (4096K)
 Metaspace       used 62245K, capacity 62812K, committed 62896K, reserved 1103872K
  class space    used 7912K, capacity 8109K, committed 8192K, reserved 1048576K
}
Event: 18.650 GC heap after
{Heap after GC invocations=20 (full 0):
 garbage-first heap   total 89088K, used 31350K [0x0000000081800000, 0x0000000100000000)
  region size 1024K, 5 young (5120K), 5 survivors (5120K)
 Metaspace       used 62245K, capacity 62812K, committed 62896K, reserved 1103872K
  class space    used 7912K, capacity 8109K, committed 8192K, reserved 1048576K
}
Event: 19.602 GC heap before
{Heap before GC invocations=21 (full 0):
 garbage-first heap   total 89088K, used 71286K [0x0000000081800000, 0x0000000100000000)
  region size 1024K, 44 young (45056K), 5 survivors (5120K)
 Metaspace       used 62928K, capacity 63497K, committed 63664K, reserved 1105920K
  class space    used 7957K, capacity 8167K, committed 8192K, reserved 1048576K
}
Event: 19.612 GC heap after
{Heap after GC invocations=22 (full 0):
 garbage-first heap   total 89088K, used 32922K [0x0000000081800000, 0x0000000100000000)
  region size 1024K, 4 young (4096K), 4 survivors (4096K)
 Metaspace       used 62928K, capacity 63497K, committed 63664K, reserved 1105920K
  class space    used 7957K, capacity 8167K, committed 8192K, reserved 1048576K
}
Event: 21.056 GC heap before
{Heap before GC invocations=22 (full 0):
 garbage-first heap   total 89088K, used 71834K [0x0000000081800000, 0x0000000100000000)
  region size 1024K, 42 young (43008K), 4 survivors (4096K)
 Metaspace       used 67752K, capacity 68385K, committed 68528K, reserved 1110016K
  class space    used 8619K, capacity 8845K, committed 8960K, reserved 1048576K
}
Event: 21.067 GC heap after
{Heap after GC invocations=23 (full 0):
 garbage-first heap   total 89088K, used 36553K [0x0000000081800000, 0x0000000100000000)
  region size 1024K, 6 young (6144K), 6 survivors (6144K)
 Metaspace       used 67752K, capacity 68385K, committed 68528K, reserved 1110016K
  class space    used 8619K, capacity 8845K, committed 8960K, reserved 1048576K
}
Event: 40.092 GC heap before
{Heap before GC invocations=23 (full 0):
 garbage-first heap   total 89088K, used 71369K [0x0000000081800000, 0x0000000100000000)
  region size 1024K, 40 young (40960K), 6 survivors (6144K)
 Metaspace       used 71441K, capacity 72038K, committed 72240K, reserved 1112064K
  class space    used 9045K, capacity 9272K, committed 9344K, reserved 1048576K
}
Event: 40.106 GC heap after
{Heap after GC invocations=24 (full 0):
 garbage-first heap   total 89088K, used 37995K [0x0000000081800000, 0x0000000100000000)
  region size 1024K, 2 young (2048K), 2 survivors (2048K)
 Metaspace       used 71441K, capacity 72038K, committed 72240K, reserved 1112064K
  class space    used 9045K, capacity 9272K, committed 9344K, reserved 1048576K
}
Event: 392.400 GC heap before
{Heap before GC invocations=24 (full 0):
 garbage-first heap   total 89088K, used 70763K [0x0000000081800000, 0x0000000100000000)
  region size 1024K, 35 young (35840K), 2 survivors (2048K)
 Metaspace       used 75617K, capacity 76307K, committed 76464K, reserved 1116160K
  class space    used 9454K, capacity 9664K, committed 9728K, reserved 1048576K
}
Event: 392.409 GC heap after
{Heap after GC invocations=25 (full 0):
 garbage-first heap   total 89088K, used 40218K [0x0000000081800000, 0x0000000100000000)
  region size 1024K, 5 young (5120K), 5 survivors (5120K)
 Metaspace       used 75617K, capacity 76307K, committed 76464K, reserved 1116160K
  class space    used 9454K, capacity 9664K, committed 9728K, reserved 1048576K
}
Event: 805.741 GC heap before
{Heap before GC invocations=25 (full 0):
 garbage-first heap   total 89088K, used 70938K [0x0000000081800000, 0x0000000100000000)
  region size 1024K, 35 young (35840K), 5 survivors (5120K)
 Metaspace       used 75982K, capacity 76590K, committed 76720K, reserved 1116160K
  class space    used 9460K, capacity 9669K, committed 9728K, reserved 1048576K
}
Event: 805.753 GC heap after
{Heap after GC invocations=26 (full 0):
 garbage-first heap   total 89088K, used 40575K [0x0000000081800000, 0x0000000100000000)
  region size 1024K, 3 young (3072K), 3 survivors (3072K)
 Metaspace       used 75982K, capacity 76590K, committed 76720K, reserved 1116160K
  class space    used 9460K, capacity 9669K, committed 9728K, reserved 1048576K
}

