# JRE version: Java(TM) SE Runtime Environment (15.0.2+7) (build 15.0.2+7-27)
# Java VM: Java HotSpot(TM) 64-Bit Server VM (15.0.2+7-27, mixed mode, sharing, tiered, compressed oops, g1 gc, windows-amd64)
GC Precious Log:
 CPUs: 4 total, 4 available
 Memory: 8089M
 Large Page Support: Disabled
 NUMA Support: Disabled
 Compressed Oops: Enabled (32-bit)
 Heap Region Size: 1M
 Heap Min Capacity: 8M
 Heap Initial Capacity: 128M
 Heap Max Capacity: 2024M
 Pre-touch: Disabled
 Parallel Workers: 4
 Concurrent Workers: 1
 Concurrent Refinement Workers: 4
 Periodic GC: Disabled
Heap:
 garbage-first heap   total 89088K, used 32099K [0x0000000081800000, 0x0000000100000000)
  region size 1024K, 5 young (5120K), 4 survivors (4096K)
 Metaspace       used 62695K, capacity 63212K, committed 63452K, reserved 1105920K
  class space    used 7941K, capacity 8114K, committed 8140K, reserved 1048576K
GC Heap History (20 events):
Event: 8.738 GC heap before
{Heap before GC invocations=9 (full 0):
 garbage-first heap   total 61440K, used 45610K [0x0000000081800000, 0x0000000100000000)
  region size 1024K, 29 young (29696K), 2 survivors (2048K)
 Metaspace       used 30579K, capacity 30967K, committed 31100K, reserved 1077248K
  class space    used 3803K, capacity 3915K, committed 4044K, reserved 1048576K
}
Event: 8.745 GC heap after
{Heap after GC invocations=10 (full 0):
 garbage-first heap   total 61440K, used 18794K [0x0000000081800000, 0x0000000100000000)
  region size 1024K, 2 young (2048K), 2 survivors (2048K)
 Metaspace       used 30579K, capacity 30967K, committed 31100K, reserved 1077248K
  class space    used 3803K, capacity 3915K, committed 4044K, reserved 1048576K
}
Event: 10.017 GC heap before
{Heap before GC invocations=10 (full 0):
 garbage-first heap   total 61440K, used 47466K [0x0000000081800000, 0x0000000100000000)
  region size 1024K, 31 young (31744K), 2 survivors (2048K)
 Metaspace       used 34451K, capacity 34836K, committed 34940K, reserved 1079296K
  class space    used 4358K, capacity 4501K, committed 4556K, reserved 1048576K
}
Event: 10.026 GC heap after
{Heap after GC invocations=11 (full 0):
 garbage-first heap   total 61440K, used 20095K [0x0000000081800000, 0x0000000100000000)
  region size 1024K, 3 young (3072K), 3 survivors (3072K)
 Metaspace       used 34451K, capacity 34836K, committed 34940K, reserved 1079296K
  class space    used 4358K, capacity 4501K, committed 4556K, reserved 1048576K
}
Event: 10.224 GC heap before
{Heap before GC invocations=11 (full 0):
 garbage-first heap   total 61440K, used 23167K [0x0000000081800000, 0x0000000100000000)
  region size 1024K, 7 young (7168K), 3 survivors (3072K)
 Metaspace       used 35448K, capacity 35802K, committed 35964K, reserved 1081344K
  class space    used 4554K, capacity 4694K, committed 4812K, reserved 1048576K
}
Event: 10.233 GC heap after
{Heap after GC invocations=12 (full 0):
 garbage-first heap   total 61440K, used 20373K [0x0000000081800000, 0x0000000100000000)
  region size 1024K, 2 young (2048K), 2 survivors (2048K)
 Metaspace       used 35448K, capacity 35802K, committed 35964K, reserved 1081344K
  class space    used 4554K, capacity 4694K, committed 4812K, reserved 1048576K
}
Event: 11.685 GC heap before
{Heap before GC invocations=13 (full 0):
 garbage-first heap   total 61440K, used 49045K [0x0000000081800000, 0x0000000100000000)
  region size 1024K, 30 young (30720K), 2 survivors (2048K)
 Metaspace       used 43724K, capacity 44175K, committed 44316K, reserved 1087488K
  class space    used 5557K, capacity 5731K, committed 5836K, reserved 1048576K
}
Event: 11.698 GC heap after
{Heap after GC invocations=14 (full 0):
 garbage-first heap   total 61440K, used 23340K [0x0000000081800000, 0x0000000100000000)
  region size 1024K, 4 young (4096K), 4 survivors (4096K)
 Metaspace       used 43724K, capacity 44175K, committed 44316K, reserved 1087488K
  class space    used 5557K, capacity 5731K, committed 5836K, reserved 1048576K
}
Event: 12.571 GC heap before
{Heap before GC invocations=14 (full 0):
 garbage-first heap   total 61440K, used 47916K [0x0000000081800000, 0x0000000100000000)
  region size 1024K, 28 young (28672K), 4 survivors (4096K)
 Metaspace       used 46046K, capacity 46437K, committed 46620K, reserved 1089536K
  class space    used 5855K, capacity 6029K, committed 6092K, reserved 1048576K
}
Event: 12.583 GC heap after
{Heap after GC invocations=15 (full 0):
 garbage-first heap   total 73728K, used 25004K [0x0000000081800000, 0x0000000100000000)
  region size 1024K, 2 young (2048K), 2 survivors (2048K)
 Metaspace       used 46046K, capacity 46437K, committed 46620K, reserved 1089536K
  class space    used 5855K, capacity 6029K, committed 6092K, reserved 1048576K
}
Event: 13.454 GC heap before
{Heap before GC invocations=15 (full 0):
 garbage-first heap   total 73728K, used 56748K [0x0000000081800000, 0x0000000100000000)
  region size 1024K, 33 young (33792K), 2 survivors (2048K)
 Metaspace       used 49449K, capacity 49895K, committed 50076K, reserved 1093632K
  class space    used 6255K, capacity 6428K, committed 6476K, reserved 1048576K
}
Event: 13.464 GC heap after
{Heap after GC invocations=16 (full 0):
 garbage-first heap   total 73728K, used 25869K [0x0000000081800000, 0x0000000100000000)
  region size 1024K, 3 young (3072K), 3 survivors (3072K)
 Metaspace       used 49449K, capacity 49895K, committed 50076K, reserved 1093632K
  class space    used 6255K, capacity 6428K, committed 6476K, reserved 1048576K
}
Event: 14.581 GC heap before
{Heap before GC invocations=16 (full 0):
 garbage-first heap   total 73728K, used 56589K [0x0000000081800000, 0x0000000100000000)
  region size 1024K, 34 young (34816K), 3 survivors (3072K)
 Metaspace       used 53678K, capacity 54121K, committed 54300K, reserved 1097728K
  class space    used 6850K, capacity 7019K, committed 7116K, reserved 1048576K
}
Event: 14.592 GC heap after
{Heap after GC invocations=17 (full 0):
 garbage-first heap   total 73728K, used 26807K [0x0000000081800000, 0x0000000100000000)
  region size 1024K, 4 young (4096K), 4 survivors (4096K)
 Metaspace       used 53678K, capacity 54121K, committed 54300K, reserved 1097728K
  class space    used 6850K, capacity 7019K, committed 7116K, reserved 1048576K
}
Event: 23.248 GC heap before
{Heap before GC invocations=17 (full 0):
 garbage-first heap   total 73728K, used 57527K [0x0000000081800000, 0x0000000100000000)
  region size 1024K, 35 young (35840K), 4 survivors (4096K)
 Metaspace       used 58643K, capacity 59143K, committed 59292K, reserved 1101824K
  class space    used 7489K, capacity 7667K, committed 7756K, reserved 1048576K
}
Event: 23.263 GC heap after
{Heap after GC invocations=18 (full 0):
 garbage-first heap   total 73728K, used 29082K [0x0000000081800000, 0x0000000100000000)
  region size 1024K, 5 young (5120K), 5 survivors (5120K)
 Metaspace       used 58643K, capacity 59143K, committed 59292K, reserved 1101824K
  class space    used 7489K, capacity 7667K, committed 7756K, reserved 1048576K
}
Event: 23.532 GC heap before
{Heap before GC invocations=18 (full 0):
 garbage-first heap   total 73728K, used 33178K [0x0000000081800000, 0x0000000100000000)
  region size 1024K, 10 young (10240K), 5 survivors (5120K)
 Metaspace       used 60063K, capacity 60540K, committed 60636K, reserved 1101824K
  class space    used 7643K, capacity 7832K, committed 7884K, reserved 1048576K
}
Event: 23.549 GC heap after
{Heap after GC invocations=19 (full 0):
 garbage-first heap   total 73728K, used 29346K [0x0000000081800000, 0x0000000100000000)
  region size 1024K, 3 young (3072K), 3 survivors (3072K)
 Metaspace       used 60063K, capacity 60540K, committed 60636K, reserved 1101824K
  class space    used 7643K, capacity 7832K, committed 7884K, reserved 1048576K
}
Event: 24.298 GC heap before
{Heap before GC invocations=20 (full 0):
 garbage-first heap   total 73728K, used 59042K [0x0000000081800000, 0x0000000100000000)
  region size 1024K, 32 young (32768K), 3 survivors (3072K)
 Metaspace       used 61513K, capacity 61979K, committed 62172K, reserved 1103872K
  class space    used 7828K, capacity 8005K, committed 8140K, reserved 1048576K
}
Event: 24.305 GC heap after
{Heap after GC invocations=21 (full 0):
 garbage-first heap   total 89088K, used 30593K [0x0000000081800000, 0x0000000100000000)
  region size 1024K, 2 young (2048K), 2 survivors (2048K)
 Metaspace       used 61513K, capacity 61979K, committed 62172K, reserved 1103872K
  class space    used 7828K, capacity 8005K, committed 8140K, reserved 1048576K
}

